[2026-05-19T23:44:31.911] [DEBUG] debug-file - env: nodejsVersion=v18.20.1
[2026-05-19T23:44:32.514] [DEBUG] debug-file - Hvigor init with startParameters:{
  hvigorfileTypeCheck: false,
  parallelExecution: true,
  incrementalExecution: true,
  printStackTrace: false,
  daemon: false,
  analyze: 0,
  logLevel: Level { level: 20000, levelStr: 'INFO', colour: 'green' },
  optimizationStrategy: 'memory',
  hotCompile: undefined,
  hotReloadBuild: undefined,
  customizedParam: undefined
}
[2026-05-19T23:44:35.950] [DEBUG] debug-file - hvigorfile, require result:  { default: { system: [Function: appTasks], plugins: [] } }
[2026-05-19T23:44:35.954] [DEBUG] debug-file - Starting plugin build process
[2026-05-19T23:44:36.146] [DEBUG] debug-file - App plugin register hook start...
[2026-05-19T23:44:36.170] [DEBUG] debug-file - Start recording SDK configuration permission data.
[2026-05-19T23:44:36.149] [DEBUG] debug-file - Start initialize project's product build option map with build mode debug.
[2026-05-19T23:44:36.155] [DEBUG] debug-file - Obtain build option for product 'default'in this build.
[2026-05-19T23:44:36.234] [DEBUG] debug-file - failed to load cangjie to dynamically generate schemas: Error: Cannot find module '@ohos/cangjie-build-support/index'
Require stack:
- D:\DevEco Studio\tools\hvigor\hvigor-ohos-plugin\src\plugin\hooks\cangjie-register.js
- D:\DevEco Studio\tools\hvigor\hvigor-ohos-plugin\src\plugin\strategy\stage-init-strategy.js
- D:\DevEco Studio\tools\hvigor\hvigor-ohos-plugin\src\plugin\builder\abstract-plugin-builder.js
- D:\DevEco Studio\tools\hvigor\hvigor-ohos-plugin\src\plugin\builder\app-plugin-builder.js
- D:\DevEco Studio\tools\hvigor\hvigor-ohos-plugin\src\plugin\factory\plugin-factory.js
- D:\DevEco Studio\tools\hvigor\hvigor-ohos-plugin\index.js
- D:\HuaweiProject\OSSD-Lab2\list-item-edit-master\hvigorfile.ts
- D:\DevEco Studio\tools\hvigor\hvigor\src\base\internal\lifecycle\configuration.js
- D:\DevEco Studio\tools\hvigor\hvigor\src\base\boot\index.js
- D:\DevEco Studio\tools\hvigor\hvigor\src\cli\main\cli.js
- D:\DevEco Studio\tools\hvigor\hvigor\bin\hvigor.js
[2026-05-19T23:44:36.249] [DEBUG] debug-file - Start initialize module-target build option map, moduleName=entry, buildMode=debug
[2026-05-19T23:44:36.222] [DEBUG] debug-file - Project task initialization takes 10 ms 
[2026-05-19T23:44:36.257] [DEBUG] debug-file - project has submodules:entry
[2026-05-19T23:44:31.915] [DEBUG] debug-file - env: hvigor-config.json5 content = {
  modelVersion: '5.0.0',
  dependencies: {},
  execution: {},
  logging: {},
  debugging: {},
  nodeOptions: {}
}
[2026-05-19T23:44:36.260] [DEBUG] debug-file - start to load updatedOhPackageInfo to the disk
[2026-05-19T23:44:36.271] [DEBUG] debug-file - Start to initialize dependency information.
[2026-05-19T23:44:36.282] [DEBUG] debug-file - entry : clean cost memory 0.110931396484375
[2026-05-19T23:44:36.313] [DEBUG] debug-file - Create  resident worker with id: 0.
[2026-05-19T23:44:32.515] [DEBUG] debug-file - Since current hvigor version 6.22.4 differs from last hvigor version 
      undefined, delete file-cache.json and task-cache.json.
[2026-05-19T23:44:35.951] [DEBUG] debug-file - hvigorfile, binding system plugins [Function: appTasks]
[2026-05-19T23:44:35.954] [DEBUG] debug-file - App plugin prepare start...
[2026-05-19T23:44:36.147] [DEBUG] debug-file - App plugin register hook end...
[2026-05-19T23:44:36.210] [DEBUG] debug-file - Sdk init in 53 ms 
[2026-05-19T23:44:36.149] [DEBUG] debug-file - Picking option from product 'default' with build mode 'debug'.
[2026-05-19T23:44:36.157] [DEBUG] debug-file - No signingConfig found, initRemoteHspCache failed.
[2026-05-19T23:44:36.249] [DEBUG] debug-file - Target 'default' config initialized
[2026-05-19T23:44:36.222] [DEBUG] debug-file - hvigorfile, binding custom plugins []
[2026-05-19T23:44:31.918] [DEBUG] debug-file - env: daemon=false
[2026-05-19T23:44:36.265] [DEBUG] debug-file - load to the disk finished
[2026-05-19T23:44:36.274] [DEBUG] debug-file - Module entry Collected Dependency: 
[2026-05-19T23:44:36.282] [DEBUG] debug-file - runTaskFromQueue task cost before running: 3 s 780 ms 
[2026-05-19T23:44:36.316] [DEBUG] debug-file - Create  resident worker with id: 1.
[2026-05-19T23:44:32.516] [DEBUG] debug-file - Cache service initialization finished in 1 ms 
[2026-05-19T23:44:35.954] [DEBUG] debug-file - App plugin prepare end...
[2026-05-19T23:44:36.147] [DEBUG] debug-file - Plugin build process completed
[2026-05-19T23:44:36.150] [DEBUG] debug-file - Product 'default' build option initialized
[2026-05-19T23:44:36.159] [DEBUG] debug-file - Local scan or download HarmonyOS sdk components toolchains,ets,js,native,previewer
[2026-05-19T23:44:36.250] [DEBUG] debug-file - Module 'entry' target 'default' build option initialized
[2026-05-19T23:44:36.222] [DEBUG] debug-file - hvigorfile, no custom plugins were found in D:\HuaweiProject\OSSD-Lab2\list-item-edit-master\hvigorfile.ts
[2026-05-19T23:44:31.918] [DEBUG] debug-file - no-daemon, use the parent process.execArgv --max-old-space-size=8192,--max-semi-space-size=16,--expose-gc
[2026-05-19T23:44:36.266] [DEBUG] debug-file - Start to initialize dependency information.
[2026-05-19T23:44:36.274] [DEBUG] debug-file - Module entry's total dependency: 0
[2026-05-19T23:44:36.283] [INFO] debug-file - Finished :entry:clean... after 3 ms 
[2026-05-19T23:44:36.318] [DEBUG] debug-file - Current worker pool is stopped or closed.
[2026-05-19T23:44:32.517] [DEBUG] debug-file - hvigorfile, resolving D:\HuaweiProject\OSSD-Lab2\list-item-edit-master\hvigorfile.ts
[2026-05-19T23:44:35.954] [DEBUG] debug-file - App plugin creating...
[2026-05-19T23:44:36.150] [DEBUG] debug-file - End initialize project's product build option map with build mode 'debug'.
[2026-05-19T23:44:36.164] [DEBUG] debug-file - Local scan or download hmscore sdk components toolchains,ets,native
[2026-05-19T23:44:36.250] [DEBUG] debug-file - End initialize module-target build option map, moduleName=entry
[2026-05-19T23:44:36.222] [DEBUG] debug-file - hvigorfile, resolve finished D:\HuaweiProject\OSSD-Lab2\list-item-edit-master\hvigorfile.ts
[2026-05-19T23:44:36.269] [DEBUG] debug-file - Module list-item-edit-master Collected Dependency: 
[2026-05-19T23:44:36.277] [DEBUG] debug-file - Configuration phase cost:3 s 761 ms 
[2026-05-19T23:44:36.284] [DEBUG] debug-file - Executing task ::clean
[2026-05-19T23:44:36.319] [DEBUG] debug-file - Clear worker 0.
[2026-05-19T23:44:36.223] [DEBUG] debug-file - hvigorfile, resolving D:\HuaweiProject\OSSD-Lab2\list-item-edit-master\entry\hvigorfile.ts
[2026-05-19T23:44:36.250] [DEBUG] debug-file - Start initialize module-target build option map, moduleName=entry, buildMode=release
[2026-05-19T23:44:36.269] [DEBUG] debug-file - Module list-item-edit-master's total dependency: 0
[2026-05-19T23:44:36.279] [DEBUG] debug-file - Configuration task cost before running: 3 s 777 ms 
[2026-05-19T23:44:36.284] [DEBUG] debug-file - clean: Worker pool is inactive.
[2026-05-19T23:44:36.319] [DEBUG] debug-file - Worker 0 has been cleared.
[2026-05-19T23:44:36.231] [DEBUG] debug-file - hvigorfile, require result:  { default: { system: [Function: hapTasks], plugins: [] } }
[2026-05-19T23:44:36.250] [DEBUG] debug-file - Target 'default' config initialized
[2026-05-19T23:44:36.284] [DEBUG] debug-file - list-item-edit-master : clean cost memory 0.0200347900390625
[2026-05-19T23:44:36.280] [DEBUG] debug-file - Executing task :entry:clean
[2026-05-19T23:44:36.319] [DEBUG] debug-file - Current idle worker size: 1.
[2026-05-19T23:44:36.250] [DEBUG] debug-file - Module 'entry' target 'default' build option initialized
[2026-05-19T23:44:36.231] [DEBUG] debug-file - hvigorfile, binding system plugins [Function: hapTasks]
[2026-05-19T23:44:36.284] [DEBUG] debug-file - runTaskFromQueue task cost before running: 3 s 782 ms 
[2026-05-19T23:44:36.280] [DEBUG] debug-file - clean: Worker pool is inactive.
[2026-05-19T23:44:36.319] [DEBUG] debug-file - Current busy worker size: 0.
[2026-05-19T23:44:36.250] [DEBUG] debug-file - End initialize module-target build option map, moduleName=entry
[2026-05-19T23:44:36.231] [DEBUG] debug-file - Starting plugin build process
[2026-05-19T23:44:36.285] [INFO] debug-file - Finished ::clean... after 1 ms 
[2026-05-19T23:44:36.319] [DEBUG] debug-file - Clear worker 1.
[2026-05-19T23:44:36.250] [DEBUG] debug-file - Start initialize module-target build option map, moduleName=entry, buildMode=debug
[2026-05-19T23:44:36.231] [DEBUG] debug-file - Hap plugin creating...
[2026-05-19T23:44:36.285] [DEBUG] debug-file - Executing task :entry:init
[2026-05-19T23:44:36.319] [DEBUG] debug-file - Worker 1 has been cleared.
[2026-05-19T23:44:36.250] [DEBUG] debug-file - Target 'default' config initialized
[2026-05-19T23:44:36.286] [DEBUG] debug-file - entry : init cost memory 0.01263427734375
[2026-05-19T23:44:36.319] [DEBUG] debug-file - Current idle worker size: 0.
[2026-05-19T23:44:36.250] [DEBUG] debug-file - Module 'entry' target 'default' build option initialized
[2026-05-19T23:44:36.286] [DEBUG] debug-file - runTaskFromQueue task cost before running: 3 s 784 ms 
[2026-05-19T23:44:36.319] [DEBUG] debug-file - Current busy worker size: 0.
[2026-05-19T23:44:36.250] [DEBUG] debug-file - End initialize module-target build option map, moduleName=entry
[2026-05-19T23:44:36.286] [INFO] debug-file - Finished :entry:init... after 1 ms 
[2026-05-19T23:44:36.320] [DEBUG] debug-file - hvigor build process will be closed.
[2026-05-19T23:44:36.250] [DEBUG] debug-file - Obtain build option for module 'entry' target 'default'in this build.
[2026-05-19T23:44:36.286] [DEBUG] debug-file - Executing task ::init
[2026-05-19T23:44:36.325] [DEBUG] debug-file - worker[0] exits with exit code 0.
[2026-05-19T23:44:36.255] [DEBUG] debug-file - Module entry task initialization takes 5 ms 
[2026-05-19T23:44:36.286] [DEBUG] debug-file - list-item-edit-master : init cost memory 0.01141357421875
[2026-05-19T23:44:36.325] [DEBUG] debug-file - worker[1] exits with exit code 0.
[2026-05-19T23:44:36.256] [DEBUG] debug-file - Hap plugin register hook start...
[2026-05-19T23:44:36.286] [DEBUG] debug-file - runTaskFromQueue task cost before running: 3 s 784 ms 
[2026-05-19T23:44:36.326] [DEBUG] debug-file - Current worker pool is terminated.
[2026-05-19T23:44:36.256] [DEBUG] debug-file - Hap plugin register hook end...
[2026-05-19T23:44:36.286] [INFO] debug-file - Finished ::init... after 1 ms 
[2026-05-19T23:44:36.256] [DEBUG] debug-file - Plugin build process completed
[2026-05-19T23:44:36.298] [DEBUG] debug-file - Obtain build option for module 'entry' target 'default'in this build.
[2026-05-19T23:44:36.256] [DEBUG] debug-file - hvigorfile, binding custom plugins []
[2026-05-19T23:44:36.308] [DEBUG] debug-file - Since there is no instance or instance is terminated, create a new worker pool.
[2026-05-19T23:44:36.256] [DEBUG] debug-file - hvigorfile, no custom plugins were found in D:\HuaweiProject\OSSD-Lab2\list-item-edit-master\entry\hvigorfile.ts
[2026-05-19T23:44:36.308] [DEBUG] debug-file - Worker pool is initialized with config:  {
  minPoolNum: 2,
  maxPoolNum: undefined,
  maxCoreSize: undefined,
  cacheCapacity: undefined,
  cacheTtl: undefined
}
[2026-05-19T23:44:36.256] [DEBUG] debug-file - hvigorfile, resolve finished D:\HuaweiProject\OSSD-Lab2\list-item-edit-master\entry\hvigorfile.ts
[2026-05-20T00:27:34.733] [DEBUG] debug-file - env: nodejsVersion=v18.20.1
[2026-05-20T00:27:34.810] [DEBUG] debug-file - env: daemon=true
[2026-05-20T00:27:34.735] [DEBUG] debug-file - env: hvigor-config.json5 content = {
  modelVersion: '5.0.0',
  dependencies: {},
  execution: {},
  logging: {},
  debugging: {},
  nodeOptions: {}
}
[2026-05-20T00:27:35.924] [DEBUG] debug-file - java daemon tryConnect failed Error: connect ECONNREFUSED 127.0.0.1:45050
[2026-05-20T00:27:35.953] [DEBUG] debug-file - java daemon started at port 45050 pid 26512
[2026-05-20T00:27:35.983] [DEBUG] debug-file - session manager: set active socket. socketId=o7gHjCyzaznaDwdvAAAB
[2026-05-20T00:27:37.004] [DEBUG] debug-file - watch worker: worker id should be larger than 0. Nothing will be sent to any worker thread.
[2026-05-20T00:27:37.011] [DEBUG] debug-file - Since there is no instance or instance is terminated, create a new worker pool.
[2026-05-20T00:27:37.012] [DEBUG] debug-file - Worker pool is initialized with config:  {
  minPoolNum: 2,
  maxPoolNum: undefined,
  maxCoreSize: undefined,
  cacheCapacity: undefined,
  cacheTtl: undefined
}
[2026-05-20T00:27:37.013] [DEBUG] debug-file - Create  resident worker with id: 0.
[2026-05-20T00:27:37.016] [DEBUG] debug-file - Create  resident worker with id: 1.
[2026-05-20T00:27:37.018] [DEBUG] debug-file - Workers' log level updated to INFO
[2026-05-20T00:27:37.025] [DEBUG] debug-file - Hvigor init with startParameters:{
  hvigorfileTypeCheck: false,
  parallelExecution: true,
  incrementalExecution: true,
  printStackTrace: false,
  daemon: true,
  analyze: 0,
  logLevel: Level { level: 20000, levelStr: 'INFO', colour: 'green' },
  optimizationStrategy: 'memory',
  hotCompile: undefined,
  hotReloadBuild: undefined,
  customizedParam: undefined
}
[2026-05-20T00:27:37.027] [DEBUG] debug-file - Cache service initialization finished in 2 ms 
[2026-05-20T00:27:37.029] [DEBUG] debug-file - hvigorfile, resolving D:\HuaweiProject\OSSD-Lab2\list-item-edit-master\hvigorfile.ts
[2026-05-20T00:27:40.086] [DEBUG] debug-file - hvigorfile, require result:  { default: { plugins: [] } }
[2026-05-20T00:27:40.086] [DEBUG] debug-file - hvigorfile, binding system plugins null
[2026-05-20T00:27:40.087] [DEBUG] debug-file - Starting plugin build process
[2026-05-20T00:27:40.087] [DEBUG] debug-file - App plugin prepare start...
[2026-05-20T00:27:40.087] [DEBUG] debug-file - App plugin prepare end...
[2026-05-20T00:27:40.087] [DEBUG] debug-file - App plugin creating...
[2026-05-20T00:27:40.271] [DEBUG] debug-file - App plugin register hook start...
[2026-05-20T00:27:40.272] [DEBUG] debug-file - App plugin register hook end...
[2026-05-20T00:27:40.272] [DEBUG] debug-file - Plugin build process completed
[2026-05-20T00:27:40.273] [DEBUG] debug-file - Start initialize project's product build option map with build mode debug.
[2026-05-20T00:27:40.273] [DEBUG] debug-file - Picking option from product 'default' with build mode 'debug'.
[2026-05-20T00:27:40.274] [DEBUG] debug-file - Product 'default' build option initialized
[2026-05-20T00:27:40.274] [DEBUG] debug-file - End initialize project's product build option map with build mode 'debug'.
[2026-05-20T00:27:40.276] [DEBUG] debug-file - Obtain build option for product 'default'in this build.
[2026-05-20T00:27:40.279] [DEBUG] debug-file - No signingConfig found, initRemoteHspCache failed.
[2026-05-20T00:27:40.282] [DEBUG] debug-file - Local scan or download HarmonyOS sdk components toolchains,ets,js,native,previewer
[2026-05-20T00:27:40.286] [DEBUG] debug-file - Local scan or download hmscore sdk components toolchains,ets,native
[2026-05-20T00:27:40.288] [DEBUG] debug-file - Start recording SDK configuration permission data.
[2026-05-20T00:27:40.328] [DEBUG] debug-file - Sdk init in 48 ms 
[2026-05-20T00:27:40.334] [DEBUG] debug-file - Project task initialization takes 5 ms 
[2026-05-20T00:27:40.335] [DEBUG] debug-file - hvigorfile, binding custom plugins []
[2026-05-20T00:27:40.335] [DEBUG] debug-file - hvigorfile, no custom plugins were found in D:\HuaweiProject\OSSD-Lab2\list-item-edit-master\hvigorfile.ts
[2026-05-20T00:27:40.335] [DEBUG] debug-file - hvigorfile, resolve finished D:\HuaweiProject\OSSD-Lab2\list-item-edit-master\hvigorfile.ts
[2026-05-20T00:27:40.336] [DEBUG] debug-file - hvigorfile, resolving D:\HuaweiProject\OSSD-Lab2\list-item-edit-master\entry\hvigorfile.ts
[2026-05-20T00:27:40.343] [DEBUG] debug-file - hvigorfile, require result:  { default: { plugins: [] } }
[2026-05-20T00:27:40.343] [DEBUG] debug-file - hvigorfile, binding system plugins null
[2026-05-20T00:27:40.344] [DEBUG] debug-file - Starting plugin build process
[2026-05-20T00:27:40.344] [DEBUG] debug-file - Hap plugin creating...
[2026-05-20T00:27:40.346] [DEBUG] debug-file - failed to load cangjie to dynamically generate schemas: Error: Cannot find module '@ohos/cangjie-build-support/index'
Require stack:
- D:\DevEco Studio\tools\hvigor\hvigor-ohos-plugin\src\plugin\hooks\cangjie-register.js
- D:\DevEco Studio\tools\hvigor\hvigor-ohos-plugin\src\plugin\strategy\stage-init-strategy.js
- D:\DevEco Studio\tools\hvigor\hvigor-ohos-plugin\src\plugin\builder\abstract-plugin-builder.js
- D:\DevEco Studio\tools\hvigor\hvigor-ohos-plugin\src\plugin\builder\app-plugin-builder.js
- D:\DevEco Studio\tools\hvigor\hvigor-ohos-plugin\src\plugin\factory\plugin-factory.js
- D:\DevEco Studio\tools\hvigor\hvigor-ohos-plugin\index.js
- D:\HuaweiProject\OSSD-Lab2\list-item-edit-master\hvigorfile.ts
- D:\DevEco Studio\tools\hvigor\hvigor\src\base\internal\lifecycle\configuration.js
- D:\DevEco Studio\tools\hvigor\hvigor\src\base\boot\index.js
- D:\DevEco Studio\tools\hvigor\hvigor\src\base\daemon\cluster\worker-process-lifecycle.js
- D:\DevEco Studio\tools\hvigor\hvigor\src\base\daemon\process\daemon-process-boot-script.js
[2026-05-20T00:27:40.358] [DEBUG] debug-file - Start initialize module-target build option map, moduleName=entry, buildMode=debug
[2026-05-20T00:27:40.358] [DEBUG] debug-file - Target 'default' config initialized
[2026-05-20T00:27:40.359] [DEBUG] debug-file - Module 'entry' target 'default' build option initialized
[2026-05-20T00:27:40.359] [DEBUG] debug-file - End initialize module-target build option map, moduleName=entry
[2026-05-20T00:27:40.359] [DEBUG] debug-file - Start initialize module-target build option map, moduleName=entry, buildMode=release
[2026-05-20T00:27:40.359] [DEBUG] debug-file - Target 'default' config initialized
[2026-05-20T00:27:40.359] [DEBUG] debug-file - Module 'entry' target 'default' build option initialized
[2026-05-20T00:27:40.359] [DEBUG] debug-file - End initialize module-target build option map, moduleName=entry
[2026-05-20T00:27:40.359] [DEBUG] debug-file - Start initialize module-target build option map, moduleName=entry, buildMode=debug
[2026-05-20T00:27:40.359] [DEBUG] debug-file - Target 'default' config initialized
[2026-05-20T00:27:40.360] [DEBUG] debug-file - Module 'entry' target 'default' build option initialized
[2026-05-20T00:27:40.360] [DEBUG] debug-file - End initialize module-target build option map, moduleName=entry
[2026-05-20T00:27:40.360] [DEBUG] debug-file - Obtain build option for module 'entry' target 'default'in this build.
[2026-05-20T00:27:40.365] [DEBUG] debug-file - Module entry task initialization takes 4 ms 
[2026-05-20T00:27:40.365] [DEBUG] debug-file - Hap plugin register hook start...
[2026-05-20T00:27:40.365] [DEBUG] debug-file - Hap plugin register hook end...
[2026-05-20T00:27:40.365] [DEBUG] debug-file - Plugin build process completed
[2026-05-20T00:27:40.365] [DEBUG] debug-file - hvigorfile, binding custom plugins []
[2026-05-20T00:27:40.366] [DEBUG] debug-file - hvigorfile, no custom plugins were found in D:\HuaweiProject\OSSD-Lab2\list-item-edit-master\entry\hvigorfile.ts
[2026-05-20T00:27:40.366] [DEBUG] debug-file - hvigorfile, resolve finished D:\HuaweiProject\OSSD-Lab2\list-item-edit-master\entry\hvigorfile.ts
[2026-05-20T00:27:40.384] [DEBUG] debug-file - hvigorfile, resolve hvigorfile dependencies in 18 ms 
[2026-05-20T00:27:40.384] [DEBUG] debug-file - project has submodules:entry
[2026-05-20T00:27:40.386] [DEBUG] debug-file - start to load updatedOhPackageInfo to the disk
[2026-05-20T00:27:40.396] [DEBUG] debug-file - load to the disk finished
[2026-05-20T00:27:40.398] [DEBUG] debug-file - Start to initialize dependency information.
[2026-05-20T00:27:40.400] [DEBUG] debug-file - Module list-item-edit-master Collected Dependency: 
[2026-05-20T00:27:40.401] [DEBUG] debug-file - Module list-item-edit-master's total dependency: 0
[2026-05-20T00:27:40.402] [DEBUG] debug-file - Start to initialize dependency information.
[2026-05-20T00:27:40.406] [DEBUG] debug-file - Module entry Collected Dependency: 
[2026-05-20T00:27:40.406] [DEBUG] debug-file - Module entry's total dependency: 0
[2026-05-20T00:27:40.410] [DEBUG] debug-file - Configuration phase cost:3 s 383 ms 
[2026-05-20T00:27:40.413] [DEBUG] debug-file - Configuration task cost before running: 3 s 395 ms 
[2026-05-20T00:27:40.421] [DEBUG] debug-file - Executing task :entry:default@PreBuild
[2026-05-20T00:27:40.422] [DEBUG] debug-file - Task 'entry:default@PreBuild' cost while wrapping incremental declarations: 1 ms 
[2026-05-20T00:27:40.552] [DEBUG] debug-file - current product is not Atomic service.
[2026-05-20T00:27:40.553] [DEBUG] debug-file - Use tool [win32: JAVA_HOME, CLASSPATH]
 [ { JAVA_HOME: 'D:\\DevEco Studio\\jbr' }, { CLASSPATH: undefined } ]
[2026-05-20T00:27:40.553] [DEBUG] debug-file - Use tool [win32: NODE_HOME]
 [ { NODE_HOME: 'D:\\DevEco Studio\\tools\\node' } ]
[2026-05-20T00:27:40.554] [DEBUG] debug-file - entry : default@PreBuild cost memory 17.94342803955078
[2026-05-20T00:27:40.555] [DEBUG] debug-file - runTaskFromQueue task cost before running: 3 s 537 ms 
[2026-05-20T00:27:40.558] [INFO] debug-file - Finished :entry:default@PreBuild... after 134 ms 
[2026-05-20T00:27:40.559] [DEBUG] debug-file - Executing task :entry:default@CreateModuleInfo
[2026-05-20T00:27:40.560] [DEBUG] debug-file - Task 'entry:default@CreateModuleInfo' cost while wrapping incremental declarations: 1 ms 
[2026-05-20T00:27:40.560] [DEBUG] debug-file - entry : default@CreateModuleInfo cost memory 0.04285430908203125
[2026-05-20T00:27:40.560] [DEBUG] debug-file - runTaskFromQueue task cost before running: 3 s 542 ms 
[2026-05-20T00:27:40.560] [INFO] debug-file - Finished :entry:default@CreateModuleInfo... after 1 ms 
[2026-05-20T00:27:40.562] [DEBUG] debug-file - Executing task :entry:default@GenerateMetadata
[2026-05-20T00:27:40.563] [DEBUG] debug-file - Task 'entry:default@GenerateMetadata' cost while wrapping incremental declarations: 1 ms 
[2026-05-20T00:27:40.567] [DEBUG] debug-file - entry : default@GenerateMetadata cost memory 0.06500244140625
[2026-05-20T00:27:40.567] [DEBUG] debug-file - runTaskFromQueue task cost before running: 3 s 549 ms 
[2026-05-20T00:27:40.567] [INFO] debug-file - Finished :entry:default@GenerateMetadata... after 5 ms 
[2026-05-20T00:27:40.569] [DEBUG] debug-file - Executing task :entry:default@ConfigureCmake
[2026-05-20T00:27:40.569] [DEBUG] debug-file - entry : default@ConfigureCmake cost memory 0.0144805908203125
[2026-05-20T00:27:40.569] [DEBUG] debug-file - runTaskFromQueue task cost before running: 3 s 551 ms 
[2026-05-20T00:27:40.569] [INFO] debug-file - Finished :entry:default@ConfigureCmake... after 1 ms 
[2026-05-20T00:27:40.571] [DEBUG] debug-file - Executing task :entry:default@MergeProfile
[2026-05-20T00:27:40.571] [DEBUG] debug-file - Task 'entry:default@MergeProfile' cost while wrapping incremental declarations: 1 ms 
[2026-05-20T00:27:40.572] [DEBUG] debug-file - Change app api release type with 'Release'
[2026-05-20T00:27:40.572] [DEBUG] debug-file - Change app compile API version with '6.0.2.130'
[2026-05-20T00:27:40.572] [DEBUG] debug-file - Change app target API version with '50005017'
[2026-05-20T00:27:40.572] [DEBUG] debug-file - Change app minimum API version with '50005017'
[2026-05-20T00:27:40.572] [DEBUG] debug-file - Use cli appEnvironment
[2026-05-20T00:27:40.575] [DEBUG] debug-file - entry : default@MergeProfile cost memory 0.148101806640625
[2026-05-20T00:27:40.575] [DEBUG] debug-file - runTaskFromQueue task cost before running: 3 s 557 ms 
[2026-05-20T00:27:40.575] [INFO] debug-file - Finished :entry:default@MergeProfile... after 5 ms 
[2026-05-20T00:27:40.577] [DEBUG] debug-file - Executing task :entry:default@CreateBuildProfile
[2026-05-20T00:27:40.578] [DEBUG] debug-file - Task 'entry:default@CreateBuildProfile' cost while wrapping incremental declarations: 1 ms 
[2026-05-20T00:27:40.580] [DEBUG] debug-file - entry : default@CreateBuildProfile cost memory 0.06740570068359375
[2026-05-20T00:27:40.580] [DEBUG] debug-file - runTaskFromQueue task cost before running: 3 s 562 ms 
[2026-05-20T00:27:40.581] [INFO] debug-file - Finished :entry:default@CreateBuildProfile... after 4 ms 
[2026-05-20T00:27:40.582] [DEBUG] debug-file - Executing task :entry:default@PreCheckSyscap
[2026-05-20T00:27:40.582] [DEBUG] debug-file - entry : default@PreCheckSyscap cost memory 0.01471710205078125
[2026-05-20T00:27:40.582] [DEBUG] debug-file - runTaskFromQueue task cost before running: 3 s 564 ms 
[2026-05-20T00:27:40.582] [INFO] debug-file - Finished :entry:default@PreCheckSyscap... after 1 ms 
[2026-05-20T00:27:40.587] [DEBUG] debug-file - Executing task :entry:default@GeneratePkgContextInfo
[2026-05-20T00:27:40.597] [DEBUG] debug-file - Task 'entry:default@GeneratePkgContextInfo' cost while wrapping incremental declarations: 1 ms 
[2026-05-20T00:27:40.598] [DEBUG] debug-file - entry : default@GeneratePkgContextInfo cost memory 0.30364990234375
[2026-05-20T00:27:40.598] [DEBUG] debug-file - runTaskFromQueue task cost before running: 3 s 580 ms 
[2026-05-20T00:27:40.598] [INFO] debug-file - Finished :entry:default@GeneratePkgContextInfo... after 11 ms 
[2026-05-20T00:27:40.602] [DEBUG] debug-file - Executing task :entry:default@ProcessIntegratedHsp
[2026-05-20T00:27:40.603] [DEBUG] debug-file - entry : default@ProcessIntegratedHsp cost memory 0.0299835205078125
[2026-05-20T00:27:40.603] [DEBUG] debug-file - runTaskFromQueue task cost before running: 3 s 585 ms 
[2026-05-20T00:27:40.603] [INFO] debug-file - Finished :entry:default@ProcessIntegratedHsp... after 1 ms 
[2026-05-20T00:27:40.605] [DEBUG] debug-file - Executing task :entry:default@BuildNativeWithCmake
[2026-05-20T00:27:40.605] [DEBUG] debug-file - entry : default@BuildNativeWithCmake cost memory 0.014862060546875
[2026-05-20T00:27:40.605] [DEBUG] debug-file - runTaskFromQueue task cost before running: 3 s 587 ms 
[2026-05-20T00:27:40.605] [INFO] debug-file - Finished :entry:default@BuildNativeWithCmake... after 1 ms 
[2026-05-20T00:27:40.607] [DEBUG] debug-file - Executing task :entry:default@MakePackInfo
[2026-05-20T00:27:40.608] [DEBUG] debug-file - Module Pack Info:  {
  summary: {
    app: { bundleName: 'c***t', bundleType: 'app', version: [Object] },
    modules: [ [Object] ]
  },
  packages: [
    {
      deviceType: [Array],
      moduleType: 'entry',
      deliveryWithInstall: true,
      name: 'entry-default'
    }
  ]
}
[2026-05-20T00:27:40.610] [DEBUG] debug-file - entry : default@MakePackInfo cost memory 0.101593017578125
[2026-05-20T00:27:40.610] [DEBUG] debug-file - runTaskFromQueue task cost before running: 3 s 592 ms 
[2026-05-20T00:27:40.611] [INFO] debug-file - Finished :entry:default@MakePackInfo... after 4 ms 
[2026-05-20T00:27:40.612] [DEBUG] debug-file - Executing task :entry:default@SyscapTransform
[2026-05-20T00:27:40.612] [DEBUG] debug-file - File: 'D:\HuaweiProject\OSSD-Lab2\list-item-edit-master\entry\src\main\syscap.json' from 'sysCapJsonPath' is not exists, just ignore.
[2026-05-20T00:27:40.613] [DEBUG] debug-file - Task 'entry:default@SyscapTransform' cost while wrapping incremental declarations: 2 ms 
[2026-05-20T00:27:40.614] [DEBUG] debug-file - entry : default@SyscapTransform cost memory 0.05707550048828125
[2026-05-20T00:27:40.614] [DEBUG] debug-file - runTaskFromQueue task cost before running: 3 s 596 ms 
[2026-05-20T00:27:40.614] [INFO] debug-file - Finished :entry:default@SyscapTransform... after 2 ms 
[2026-05-20T00:27:40.616] [DEBUG] debug-file - Executing task :entry:default@ProcessProfile
[2026-05-20T00:27:40.617] [DEBUG] debug-file - Task 'entry:default@ProcessProfile' cost while wrapping incremental declarations: 1 ms 
[2026-05-20T00:27:40.620] [DEBUG] debug-file - [
  'D:\\DevEco Studio\\tools\\node\\node.exe',
  'D:\\DevEco Studio\\sdk\\default\\openharmony\\ets\\build-tools\\ets-loader\\bin\\ark\\ts2abc.js',
  '--target-api-version',
  '17'
]
[2026-05-20T00:27:40.759] [DEBUG] debug-file - 12.0.6.0
[2026-05-20T00:27:40.762] [DEBUG] debug-file - No need to add fake ui ability because of not in preview process.
[2026-05-20T00:27:40.764] [DEBUG] debug-file - entry : default@ProcessProfile cost memory 2.1560134887695312
[2026-05-20T00:27:40.764] [DEBUG] debug-file - runTaskFromQueue task cost before running: 3 s 746 ms 
[2026-05-20T00:27:40.765] [INFO] debug-file - Finished :entry:default@ProcessProfile... after 149 ms 
[2026-05-20T00:27:40.766] [DEBUG] debug-file - Executing task :entry:default@ProcessRouterMap
[2026-05-20T00:27:40.771] [DEBUG] debug-file - entry : default@ProcessRouterMap cost memory 0.0870208740234375
[2026-05-20T00:27:40.772] [DEBUG] debug-file - runTaskFromQueue task cost before running: 3 s 754 ms 
[2026-05-20T00:27:40.772] [INFO] debug-file - Finished :entry:default@ProcessRouterMap... after 6 ms 
[2026-05-20T00:27:40.774] [DEBUG] debug-file - Executing task :entry:default@ProcessShareConfig
[2026-05-20T00:27:40.777] [DEBUG] debug-file - entry : default@ProcessShareConfig cost memory 0.25469970703125
[2026-05-20T00:27:40.777] [DEBUG] debug-file - runTaskFromQueue task cost before running: 3 s 759 ms 
[2026-05-20T00:27:40.778] [INFO] debug-file - Finished :entry:default@ProcessShareConfig... after 4 ms 
[2026-05-20T00:27:40.779] [DEBUG] debug-file - Executing task :entry:default@ProcessStartupConfig
[2026-05-20T00:27:40.780] [DEBUG] debug-file - Task 'entry:default@ProcessStartupConfig' cost while wrapping incremental declarations: 1 ms 
[2026-05-20T00:27:40.781] [DEBUG] debug-file - entry : default@ProcessStartupConfig cost memory 0.06226348876953125
[2026-05-20T00:27:40.781] [DEBUG] debug-file - runTaskFromQueue task cost before running: 3 s 763 ms 
[2026-05-20T00:27:40.781] [INFO] debug-file - Finished :entry:default@ProcessStartupConfig... after 2 ms 
[2026-05-20T00:27:40.782] [DEBUG] debug-file - Executing task :entry:default@BuildNativeWithNinja
[2026-05-20T00:27:40.784] [DEBUG] debug-file - entry : default@BuildNativeWithNinja cost memory 0.02765655517578125
[2026-05-20T00:27:40.784] [DEBUG] debug-file - runTaskFromQueue task cost before running: 3 s 766 ms 
[2026-05-20T00:27:40.785] [INFO] debug-file - Finished :entry:default@BuildNativeWithNinja... after 3 ms 
[2026-05-20T00:27:40.788] [DEBUG] debug-file - restool module names: entry; moduleName=entry, taskName=default@ProcessResource
[2026-05-20T00:27:40.791] [DEBUG] debug-file - Executing task :entry:default@ProcessResource
[2026-05-20T00:27:40.791] [DEBUG] debug-file - Task 'entry:default@ProcessResource' cost while wrapping incremental declarations: 1 ms 
[2026-05-20T00:27:40.793] [DEBUG] debug-file - entry : default@ProcessResource cost memory 0.11994171142578125
[2026-05-20T00:27:40.794] [DEBUG] debug-file - runTaskFromQueue task cost before running: 3 s 776 ms 
[2026-05-20T00:27:40.795] [INFO] debug-file - Finished :entry:default@ProcessResource... after 5 ms 
[2026-05-20T00:27:40.798] [DEBUG] debug-file - Executing task :entry:default@GenerateLoaderJson
[2026-05-20T00:27:40.799] [DEBUG] debug-file - Task 'entry:default@GenerateLoaderJson' cost while wrapping incremental declarations: 1 ms 
[2026-05-20T00:27:40.812] [DEBUG] debug-file - entry : default@GenerateLoaderJson cost memory 0.514495849609375
[2026-05-20T00:27:40.812] [DEBUG] debug-file - runTaskFromQueue task cost before running: 3 s 794 ms 
[2026-05-20T00:27:40.817] [INFO] debug-file - Finished :entry:default@GenerateLoaderJson... after 15 ms 
[2026-05-20T00:27:40.818] [DEBUG] debug-file - Executing task :entry:default@ProcessLibs
[2026-05-20T00:27:40.824] [DEBUG] debug-file - Worker dispatch failed, running processLibs on main thread.
[2026-05-20T00:27:40.826] [DEBUG] debug-file - entry : default@ProcessLibs cost memory 0.5008392333984375
[2026-05-20T00:27:40.826] [DEBUG] debug-file - runTaskFromQueue task cost before running: 3 s 808 ms 
[2026-05-20T00:27:40.827] [INFO] debug-file - Finished :entry:default@ProcessLibs... after 9 ms 
[2026-05-20T00:27:40.828] [DEBUG] debug-file - restool module names: entry; moduleName=entry, taskName=default@CompileResource
[2026-05-20T00:27:40.829] [DEBUG] debug-file - Executing task :entry:default@CompileResource
[2026-05-20T00:27:40.841] [DEBUG] debug-file - Use tool [D:\DevEco Studio\sdk\default\openharmony\toolchains\restool.exe]
 [
  'D:\\DevEco Studio\\sdk\\default\\openharmony\\toolchains\\restool.exe',
  '-l',
  'D:\\HuaweiProject\\OSSD-Lab2\\list-item-edit-master\\entry\\build\\default\\intermediates\\res\\default\\resConfig.json'
]
[2026-05-20T00:27:40.842] [DEBUG] debug-file - current process  memoryUsage: {
  rss: 278245376,
  heapTotal: 166637568,
  heapUsed: 139658072,
  external: 14040235,
  arrayBuffers: 11138983
} os memoryUsage :13.733451843261719
[2026-05-20T00:27:41.591] [DEBUG] debug-file - Info: Pack: normal pack mode

[2026-05-20T00:27:41.665] [DEBUG] debug-file - Info: hardware concurrency count is : 32
Info: thread count is : 32

[2026-05-20T00:27:41.666] [DEBUG] debug-file - Info: thread pool is started

[2026-05-20T00:27:41.667] [DEBUG] debug-file - Info: GenericCompiler::CompileFiles

[2026-05-20T00:27:41.675] [DEBUG] debug-file - Info: GenericCompiler::CompileFiles

[2026-05-20T00:27:41.710] [DEBUG] debug-file - Info: GenericCompiler::CompileFiles

[2026-05-20T00:27:41.718] [DEBUG] debug-file - 05-20 00:27:41.718 36532 23700 E C01400/ImageTranscoderUtils: DecodeToRGBA IN

[2026-05-20T00:27:41.718] [DEBUG] debug-file - 05-20 00:27:41.718 36532 23700 E C01400/ImageTranscoderUtils: ImageFilter IN D:\HuaweiProject\OSSD-Lab2\list-item-edit-master\AppScope\resources\base\media\app_icon.png

[2026-05-20T00:27:41.723] [DEBUG] debug-file - 05-20 00:27:41.723 36532 23700 E C01400/ImageTranscoder: TranscodeSLR Only zoom-out is supported.

[2026-05-20T00:27:41.723] [DEBUG] debug-file - Warning: ScaleImage failed, error message: INVALID_PARAMETERS, file path = D:\HuaweiProject\OSSD-Lab2\list-item-edit-master\AppScope\resources\base\media\app_icon.png

[2026-05-20T00:27:41.725] [DEBUG] debug-file - 05-20 00:27:41.725 36532 23700 E C01400/ImageTranscoderUtils: DecodeToRGBA IN
05-20 00:27:41.725 36532 23700 E C01400/ImageTranscoderUtils: ImageFilter IN D:\HuaweiProject\OSSD-Lab2\list-item-edit-master\entry\src\main\resources\base\media\background.png

[2026-05-20T00:27:41.727] [DEBUG] debug-file - 05-20 00:27:41.727 36532 23700 E C01400/ImageTranscoder: TranscodeSLR Only zoom-out is supported.

[2026-05-20T00:27:41.727] [DEBUG] debug-file - Warning: ScaleImage failed, error message: INVALID_PARAMETERS, file path = D:\HuaweiProject\OSSD-Lab2\list-item-edit-master\entry\src\main\resources\base\media\background.png

[2026-05-20T00:27:41.729] [DEBUG] debug-file - 05-20 00:27:41.729 36532 23700 E C01400/ImageTranscoderUtils: DecodeToRGBA IN

[2026-05-20T00:27:41.729] [DEBUG] debug-file - 05-20 00:27:41.729 36532 23700 E C01400/ImageTranscoderUtils: ImageFilter IN D:\HuaweiProject\OSSD-Lab2\list-item-edit-master\entry\src\main\resources\base\media\foreground.png

[2026-05-20T00:27:41.730] [DEBUG] debug-file - 05-20 00:27:41.730 36532 23700 E C01400/ImageTranscoder: TranscodeSLR Only zoom-out is supported.

[2026-05-20T00:27:41.730] [DEBUG] debug-file - Warning: ScaleImage failed, error message: INVALID_PARAMETERS, file path = D:\HuaweiProject\OSSD-Lab2\list-item-edit-master\entry\src\main\resources\base\media\foreground.png

[2026-05-20T00:27:41.732] [DEBUG] debug-file - Info: can't scale media json file.

[2026-05-20T00:27:41.733] [DEBUG] debug-file - Warning: The width or height of the png file referenced by the icon exceeds the limit (41 pixels)
at D:\HuaweiProject\OSSD-Lab2\list-item-edit-master\entry\src\main\resources\base\media\background.png

[2026-05-20T00:27:41.733] [DEBUG] debug-file - Warning: The width or height of the png file referenced by the icon exceeds the limit (41 pixels)
at D:\HuaweiProject\OSSD-Lab2\list-item-edit-master\entry\src\main\resources\base\media\foreground.png
Warning: D:\HuaweiProject\OSSD-Lab2\list-item-edit-master\entry\src\main\resources\base\media\layered_image.json is not png format

[2026-05-20T00:27:41.734] [DEBUG] debug-file - Info: restool resources compile success.

[2026-05-20T00:27:41.735] [DEBUG] debug-file - Info: thread pool is stopped

[2026-05-20T00:27:41.806] [DEBUG] debug-file - entry : default@CompileResource cost memory 0.6723251342773438
[2026-05-20T00:27:41.806] [DEBUG] debug-file - runTaskFromQueue task cost before running: 4 s 788 ms 
[2026-05-20T00:27:41.807] [INFO] debug-file - Finished :entry:default@CompileResource... after 977 ms 
[2026-05-20T00:27:41.809] [DEBUG] debug-file - Executing task :entry:default@DoNativeStrip
[2026-05-20T00:27:41.809] [DEBUG] debug-file - Task 'entry:default@DoNativeStrip' cost while wrapping incremental declarations: 1 ms 
[2026-05-20T00:27:41.812] [DEBUG] debug-file - entry : default@DoNativeStrip cost memory 0.059539794921875
[2026-05-20T00:27:41.812] [DEBUG] debug-file - runTaskFromQueue task cost before running: 4 s 794 ms 
[2026-05-20T00:27:41.812] [INFO] debug-file - Finished :entry:default@DoNativeStrip... after 4 ms 
[2026-05-20T00:27:41.814] [DEBUG] debug-file - Executing task :entry:default@CompileArkTS
[2026-05-20T00:27:41.815] [DEBUG] debug-file - obfuscationOptions: undefined
[2026-05-20T00:27:41.817] [DEBUG] debug-file - Task 'entry:default@CompileArkTS' cost while wrapping incremental declarations: 1 ms 
[2026-05-20T00:27:41.835] [DEBUG] debug-file - build config:
[2026-05-20T00:27:41.835] [DEBUG] debug-file - {
  moduleType: 'entry',
  perf: 0,
  targetName: '.default',
  packageManagerType: 'ohpm',
  localPropertiesPath: 'D:\\HuaweiProject\\OSSD-Lab2\\list-item-edit-master\\local.properties',
  isPreview: false,
  isOhosTest: false,
  isLocalTest: false,
  buildMode: 'Debug',
  hotReloadBuild: undefined,
  watchMode: 'false',
  aceProfilePath: 'D:\\HuaweiProject\\OSSD-Lab2\\list-item-edit-master\\entry\\build\\default\\intermediates\\res\\default\\resources\\base\\profile',
  etsLoaderPath: 'D:\\DevEco Studio\\sdk\\default\\openharmony\\ets\\build-tools\\ets-loader',
  modulePath: 'D:\\HuaweiProject\\OSSD-Lab2\\list-item-edit-master\\entry',
  testFrameworkPar: {
    testMode: undefined,
    coveragePathFilter: undefined,
    coverageMode: undefined
  },
  needCoverageInsert: false,
  debugLine: false,
  projectTopDir: 'D:\\HuaweiProject\\OSSD-Lab2\\list-item-edit-master',
  compileSdkVersion: 22,
  compatibleSdkVersion: 17,
  originCompatibleSdkVersion: '5.0.5(17)',
  compatibleSdkVersionStage: undefined,
  bundleName: 'c***t',
  etsLoaderVersion: '6.0.2.130',
  etsLoaderReleaseType: 'Release',
  aotCompileMode: 'type',
  apPath: 'D:\\HuaweiProject\\OSSD-Lab2\\list-item-edit-master\\entry\\modules.ap',
  entryModuleName: 'entry',
  entryModuleVersion: '1.0.0',
  entryPackageName: 'entry',
  allModuleNameHash: 'dfa66e673a1477d6321eafe4053ac017c627e1e4b0e048d04fc2460181e81ede',
  externalApiPaths: [ 'D:\\DevEco Studio\\sdk\\default\\hms\\ets' ],
  compilerTypes: [],
  isCrossplatform: false,
  hvigorPluginFile: undefined,
  compilePluginPath: undefined,
  buildGeneratedProfilePath: 'D:\\HuaweiProject\\OSSD-Lab2\\list-item-edit-master\\entry\\build\\default\\generated\\profile\\default',
  bundleType: 'app',
  arkTSVersion: undefined,
  apiVersion: 22,
  needCompleteSourcesMap: false,
  isFaMode: false,
  buildDir: 'D:\\HuaweiProject\\OSSD-Lab2\\list-item-edit-master\\entry\\build',
  deviceTypes: [ 'phone' ],
  pkgContextInfo: undefined,
  ohPackagePathMap: {},
  dependencyAliasMap: {},
  permission: { requestPermissions: undefined, definePermissions: undefined },
  useGetCurrentBundleName: false,
  projectArkOption: undefined,
  sourceMapDir: undefined,
  branchElimination: false,
  transformLib: undefined,
  tsImportSendable: false,
  resolveConflictMode: true,
  depName2RootPath: {},
  depName2DepInfo: {},
  rootPathSet: [ 'D:\\HuaweiProject\\OSSD-Lab2\\list-item-edit-master' ],
  useNativeResolver: true,
  shouldEmitJs: true,
  useTscResolve: false,
  singleFileEmit: false,
  userProjectConfig: {
    autoLazyImport: false,
    allowEmptyBundleName: false,
    reExportCheckMode: 'noCheck',
    executionMode: 'memory',
    usePathPlaceholder: false,
    writeRollupCache: true,
    isExpandImportEnabled: false,
    expandImportExclude: '',
    lazyImportExclude: '',
    lazyImportInclude: '',
    ignoreCrossplatformCheck: false,
    isHarDeduplicateEnabled: false,
    skipOhModulesLint: false,
    enableStrictCheckOHModule: false,
    disableSendableCheckRules: [],
    useDeclarationFileSignature: false,
    customizedOptions: undefined,
    integratedHsp: false,
    isPreloadSoEnabled: false
  },
  executionMode: 'memory',
  arkCompileCachePath: 'D:\\HuaweiProject\\OSSD-Lab2\\list-item-edit-master\\entry\\build\\default\\cache\\default\\default@CompileArkTS\\esmodule',
  autoLazyFilter: undefined,
  isHarDeduplicateEnabled: false,
  intermediateHarDuplicateDirPath: 'D:\\HuaweiProject\\OSSD-Lab2\\list-item-edit-master\\entry\\build\\default\\intermediates\\har_duplicate\\default',
  autoLazyImport: false,
  allowEmptyBundleName: false,
  reExportCheckMode: 'noCheck',
  usePathPlaceholder: false,
  writeRollupCache: true,
  isExpandImportEnabled: false,
  expandImportExclude: '',
  lazyImportExclude: '',
  lazyImportInclude: '',
  ignoreCrossplatformCheck: false,
  skipOhModulesLint: false,
  enableStrictCheckOHModule: false,
  disableSendableCheckRules: [],
  useDeclarationFileSignature: false,
  customizedOptions: undefined,
  integratedHsp: false,
  isPreloadSoEnabled: false,
  strictMode: undefined,
  useNormalizedOHMUrl: false,
  caseSensitiveCheck: false,
  aceModuleJsonPath: 'D:\\HuaweiProject\\OSSD-Lab2\\list-item-edit-master\\entry\\build\\default\\intermediates\\res\\default\\ark_module.json',
  appResource: 'D:\\HuaweiProject\\OSSD-Lab2\\list-item-edit-master\\entry\\build\\default\\intermediates\\res\\default\\ResourceTable.txt',
  rawFileResource: 'D:\\HuaweiProject\\OSSD-Lab2\\list-item-edit-master\\entry\\build\\default\\intermediates\\res\\default\\resources\\rawfile',
  resourceTableHash: '373b513bae1e1aa9185247b075408873b3844f35c3bb68be84af7ae5ef4aaeb1',
  runtimeOS: 'HarmonyOS',
  sdkInfo: 'false:22:6.0.2.130:Release',
  aceModuleRoot: 'D:\\HuaweiProject\\OSSD-Lab2\\list-item-edit-master\\entry\\src\\main\\ets',
  compileMode: 'esmodule',
  aceSuperVisualPath: 'D:\\HuaweiProject\\OSSD-Lab2\\list-item-edit-master\\entry\\src\\main\\supervisual',
  aceBuildJson: 'D:\\HuaweiProject\\OSSD-Lab2\\list-item-edit-master\\entry\\build\\default\\intermediates\\loader\\default\\loader.json',
  cachePath: 'D:\\HuaweiProject\\OSSD-Lab2\\list-item-edit-master\\entry\\build\\default\\cache\\default\\default@CompileArkTS\\esmodule\\debug',
  aceModuleBuild: 'D:\\HuaweiProject\\OSSD-Lab2\\list-item-edit-master\\entry\\build\\default\\intermediates\\loader_out\\default\\ets',
  supportChunks: true,
  declaredFilesPath: undefined,
  shouldCollectDirectImportees: false,
  isByteCodeHarOptimize: false,
  expandImportPath: undefined,
  pkgNameToPkgBriefInfo: {
    entry: {
      pkgRoot: 'D:\\HuaweiProject\\OSSD-Lab2\\list-item-edit-master\\entry',
      originalSourceRoots: undefined,
      sourceRoots: [Array],
      pkgName: 'entry'
    }
  },
  projectModel: {
    'D:\\HuaweiProject\\OSSD-Lab2\\list-item-edit-master\\entry\\src\\main': {
      moduleName: 'entry',
      modulePkgPath: 'D:\\HuaweiProject\\OSSD-Lab2\\list-item-edit-master\\entry',
      belongProjectPath: 'D:\\HuaweiProject\\OSSD-Lab2\\list-item-edit-master'
    },
    'D:\\HuaweiProject\\OSSD-Lab2\\list-item-edit-master\\entry': {
      moduleName: 'entry',
      modulePkgPath: 'D:\\HuaweiProject\\OSSD-Lab2\\list-item-edit-master\\entry',
      belongProjectPath: 'D:\\HuaweiProject\\OSSD-Lab2\\list-item-edit-master'
    },
    'D:\\HuaweiProject\\OSSD-Lab2\\list-item-edit-master': {
      moduleName: 'list-item-edit-master',
      modulePkgPath: 'D:\\HuaweiProject\\OSSD-Lab2\\list-item-edit-master',
      belongProjectPath: 'D:\\HuaweiProject\\OSSD-Lab2\\list-item-edit-master'
    }
  },
  pkgJsonFileHash: 'd75d706b9f9461efa721fb1a37bee643847ca91a892ec487e58d346f3300d76c',
  allModulePaths: [ 'D:\\HuaweiProject\\OSSD-Lab2\\list-item-edit-master\\entry' ],
  routerMap: {},
  obfuscationOptions: undefined,
  byteCodeHarToDependencyKeys: undefined,
  compileBlockPkg: [],
  mockParams: {
    decorator: '@MockSetup',
    packageName: '@ohos/hamock',
    etsSourceRootPath: 'src/main/ets',
    mockConfigPath: undefined,
    mockConfigKey2ModuleInfo: {},
    source2ModuleIdMap: {}
  },
  copyCodeResourceEnable: true,
  copyCodeResourceExcludes: [],
  copyCodeResourceIncludes: undefined,
  uiTransformOptimization: false,
  sdkPath: 'D:/DevEco Studio/sdk',
  needPreloadSoFileSet: {},
  preloadSoFilePath: 'D:\\HuaweiProject\\OSSD-Lab2\\list-item-edit-master\\entry\\build\\default\\intermediates\\preload\\default\\preload.json',
  useSourceHash: false,
  localModuleParamMap: {},
  otherPaths: {
    'entry/*': [
      '..\\*',
      '..\\..\\..\\build\\default\\generated\\profile\\default\\*'
    ]
  },
  collectImportersConfig: undefined
}
[2026-05-20T00:27:41.835] [DEBUG] debug-file - Compile arkts with external api path: D:\DevEco Studio\sdk\default\hms\ets
[2026-05-20T00:27:41.838] [DEBUG] debug-file - default@CompileArkTS work[0] is submitted.
[2026-05-20T00:27:41.838] [DEBUG] debug-file - default@CompileArkTS work[0] is pushed to ready queue.
[2026-05-20T00:27:41.838] [DEBUG] debug-file - A work dispatched to worker[31] failed because unable to get work from ready queue.
[2026-05-20T00:27:41.838] [DEBUG] debug-file - A work dispatched to worker[30] failed because unable to get work from ready queue.
[2026-05-20T00:27:41.838] [DEBUG] debug-file - A work dispatched to worker[29] failed because unable to get work from ready queue.
[2026-05-20T00:27:41.838] [DEBUG] debug-file - A work dispatched to worker[28] failed because unable to get work from ready queue.
[2026-05-20T00:27:41.838] [DEBUG] debug-file - A work dispatched to worker[27] failed because unable to get work from ready queue.
[2026-05-20T00:27:41.838] [DEBUG] debug-file - A work dispatched to worker[26] failed because unable to get work from ready queue.
[2026-05-20T00:27:41.839] [DEBUG] debug-file - A work dispatched to worker[25] failed because unable to get work from ready queue.
[2026-05-20T00:27:41.839] [DEBUG] debug-file - A work dispatched to worker[24] failed because unable to get work from ready queue.
[2026-05-20T00:27:41.839] [DEBUG] debug-file - A work dispatched to worker[23] failed because unable to get work from ready queue.
[2026-05-20T00:27:41.839] [DEBUG] debug-file - A work dispatched to worker[22] failed because unable to get work from ready queue.
[2026-05-20T00:27:41.839] [DEBUG] debug-file - A work dispatched to worker[21] failed because unable to get work from ready queue.
[2026-05-20T00:27:41.839] [DEBUG] debug-file - A work dispatched to worker[20] failed because unable to get work from ready queue.
[2026-05-20T00:27:41.839] [DEBUG] debug-file - A work dispatched to worker[19] failed because unable to get work from ready queue.
[2026-05-20T00:27:41.839] [DEBUG] debug-file - A work dispatched to worker[18] failed because unable to get work from ready queue.
[2026-05-20T00:27:41.839] [DEBUG] debug-file - A work dispatched to worker[17] failed because unable to get work from ready queue.
[2026-05-20T00:27:41.839] [DEBUG] debug-file - A work dispatched to worker[16] failed because unable to get work from ready queue.
[2026-05-20T00:27:41.839] [DEBUG] debug-file - A work dispatched to worker[15] failed because unable to get work from ready queue.
[2026-05-20T00:27:41.839] [DEBUG] debug-file - A work dispatched to worker[14] failed because unable to get work from ready queue.
[2026-05-20T00:27:41.839] [DEBUG] debug-file - A work dispatched to worker[13] failed because unable to get work from ready queue.
[2026-05-20T00:27:41.839] [DEBUG] debug-file - A work dispatched to worker[12] failed because unable to get work from ready queue.
[2026-05-20T00:27:41.839] [DEBUG] debug-file - A work dispatched to worker[11] failed because unable to get work from ready queue.
[2026-05-20T00:27:41.839] [DEBUG] debug-file - A work dispatched to worker[10] failed because unable to get work from ready queue.
[2026-05-20T00:27:41.839] [DEBUG] debug-file - A work dispatched to worker[9] failed because unable to get work from ready queue.
[2026-05-20T00:27:41.839] [DEBUG] debug-file - A work dispatched to worker[8] failed because unable to get work from ready queue.
[2026-05-20T00:27:41.839] [DEBUG] debug-file - A work dispatched to worker[7] failed because unable to get work from ready queue.
[2026-05-20T00:27:41.839] [DEBUG] debug-file - A work dispatched to worker[6] failed because unable to get work from ready queue.
[2026-05-20T00:27:41.839] [DEBUG] debug-file - A work dispatched to worker[5] failed because unable to get work from ready queue.
[2026-05-20T00:27:41.839] [DEBUG] debug-file - Create  resident worker with id: 4.
[2026-05-20T00:27:41.841] [DEBUG] debug-file - default@CompileArkTS work[0] has been dispatched to worker[4].
[2026-05-20T00:27:41.841] [DEBUG] debug-file - default@CompileArkTS work[0] is dispatched.
[2026-05-20T00:27:41.841] [DEBUG] debug-file - CopyResources startTime: 257422135756000
[2026-05-20T00:27:41.841] [DEBUG] debug-file - default@CompileArkTS work[1] is submitted.
[2026-05-20T00:27:41.841] [DEBUG] debug-file - default@CompileArkTS work[1] is pushed to ready queue.
[2026-05-20T00:27:41.841] [DEBUG] debug-file - A work dispatched to worker[31] failed because unable to get work from ready queue.
[2026-05-20T00:27:41.842] [DEBUG] debug-file - Create  resident worker with id: 30.
[2026-05-20T00:27:41.842] [DEBUG] debug-file - default@CompileArkTS work[1] has been dispatched to worker[30].
[2026-05-20T00:27:41.843] [DEBUG] debug-file - default@CompileArkTS work[1] is dispatched.
[2026-05-20T00:27:41.843] [DEBUG] debug-file - entry : default@CompileArkTS cost memory 2.1006240844726562
[2026-05-20T00:27:41.844] [DEBUG] debug-file - Executing task :entry:default@BuildJS
[2026-05-20T00:27:41.845] [DEBUG] debug-file - Task 'entry:default@BuildJS' cost while wrapping incremental declarations: 1 ms 
[2026-05-20T00:27:41.847] [DEBUG] debug-file - entry : default@BuildJS cost memory 0.1500396728515625
[2026-05-20T00:27:41.848] [DEBUG] debug-file - runTaskFromQueue task cost before running: 4 s 830 ms 
[2026-05-20T00:27:41.848] [INFO] debug-file - Finished :entry:default@BuildJS... after 4 ms 
[2026-05-20T00:27:41.849] [DEBUG] debug-file - Executing task :entry:default@CacheNativeLibs
[2026-05-20T00:27:41.849] [DEBUG] debug-file - Task 'entry:default@CacheNativeLibs' cost while wrapping incremental declarations: 1 ms 
[2026-05-20T00:27:41.850] [DEBUG] debug-file - default@CacheNativeLibs work[2] is submitted.
[2026-05-20T00:27:41.850] [DEBUG] debug-file - default@CacheNativeLibs work[2] is pushed to ready queue.
[2026-05-20T00:27:41.850] [DEBUG] debug-file - A work dispatched to worker[31] failed because unable to get work from ready queue.
[2026-05-20T00:27:41.850] [DEBUG] debug-file - A work dispatched to worker[30] failed because of worker busy.
[2026-05-20T00:27:41.850] [DEBUG] debug-file - Create  resident worker with id: 29.
[2026-05-20T00:27:41.851] [DEBUG] debug-file - default@CacheNativeLibs work[2] has been dispatched to worker[29].
[2026-05-20T00:27:41.851] [DEBUG] debug-file - default@CacheNativeLibs work[2] is dispatched.
[2026-05-20T00:27:41.851] [DEBUG] debug-file - entry : default@CacheNativeLibs cost memory 0.149200439453125
[2026-05-20T00:27:43.173] [DEBUG] debug-file - worker[30] has one work done.
[2026-05-20T00:27:43.173] [DEBUG] debug-file - CopyResources is end, endTime: 257423467918400
[2026-05-20T00:27:43.174] [DEBUG] debug-file - default@CompileArkTS work[1] done.
[2026-05-20T00:27:43.174] [DEBUG] debug-file - A work dispatched to worker[30] failed because unable to get work from ready queue.
[2026-05-20T00:27:43.345] [DEBUG] debug-file - worker[29] has one work done.
[2026-05-20T00:27:43.345] [DEBUG] debug-file - default@CacheNativeLibs work[2] done.
[2026-05-20T00:27:43.345] [DEBUG] debug-file - A work dispatched to worker[29] failed because unable to get work from ready queue.
[2026-05-20T00:27:43.346] [INFO] debug-file - Finished :entry:default@CacheNativeLibs... after 9 ms 
[2026-05-20T00:27:50.399] [DEBUG] debug-file - worker[4] has one work done.
[2026-05-20T00:27:50.399] [DEBUG] debug-file - Ark compile task finished.finished time is 257430693203800
[2026-05-20T00:27:50.401] [DEBUG] debug-file - default@CompileArkTS work[0] done.
[2026-05-20T00:27:50.401] [DEBUG] debug-file - A work dispatched to worker[4] failed because unable to get work from ready queue.
[2026-05-20T00:27:50.403] [INFO] debug-file - Finished :entry:default@CompileArkTS... after 5 s 257 ms 
[2026-05-20T00:27:50.404] [DEBUG] debug-file - Executing task :entry:default@GeneratePkgModuleJson
[2026-05-20T00:27:50.405] [DEBUG] debug-file - File: 'D:\HuaweiProject\OSSD-Lab2\list-item-edit-master\entry\build\default\intermediates\preload\default\preload.json' from 'preloadSoJsonPath' is not exists, just ignore.
[2026-05-20T00:27:50.405] [DEBUG] debug-file - Error occurs while handling @Input 'shouldDeduplicateHar': The "data" argument must be of type string or an instance of Buffer, TypedArray, or DataView. Received undefined
[2026-05-20T00:27:50.405] [DEBUG] debug-file - Task 'entry:default@GeneratePkgModuleJson' cost while wrapping incremental declarations: 1 ms 
[2026-05-20T00:27:50.408] [DEBUG] debug-file - entry : default@GeneratePkgModuleJson cost memory 0.163482666015625
[2026-05-20T00:27:50.408] [DEBUG] debug-file - runTaskFromQueue task cost before running: 13 s 390 ms 
[2026-05-20T00:27:50.408] [INFO] debug-file - Finished :entry:default@GeneratePkgModuleJson... after 4 ms 
[2026-05-20T00:27:50.409] [DEBUG] debug-file - Executing task :entry:default@ProcessCompiledResources
[2026-05-20T00:27:50.410] [DEBUG] debug-file - File: 'D:\HuaweiProject\OSSD-Lab2\list-item-edit-master\entry\build\default\intermediates\preload\default\preload.json' from 'preloadSoJsonPath' is not exists, just ignore.
[2026-05-20T00:27:50.410] [DEBUG] debug-file - Task 'entry:default@ProcessCompiledResources' cost while wrapping incremental declarations: 1 ms 
[2026-05-20T00:27:50.410] [DEBUG] debug-file - entry : default@ProcessCompiledResources cost memory 0.05938720703125
[2026-05-20T00:27:50.410] [DEBUG] debug-file - runTaskFromQueue task cost before running: 13 s 392 ms 
[2026-05-20T00:27:50.410] [INFO] debug-file - Finished :entry:default@ProcessCompiledResources... after 1 ms 
[2026-05-20T00:27:50.412] [DEBUG] debug-file - Executing task :entry:default@PackageHap
[2026-05-20T00:27:50.416] [DEBUG] debug-file - Use tool [D:\DevEco Studio\sdk\default\openharmony\toolchains\lib\app_packing_tool.jar]
 [
  'java',
  '-Dfile.encoding=GBK',
  '-jar',
  'D:\\DevEco Studio\\sdk\\default\\openharmony\\toolchains\\lib\\app_packing_tool.jar',
  '--mode',
  'hap',
  '--force',
  'true',
  '--lib-path',
  'D:\\HuaweiProject\\OSSD-Lab2\\list-item-edit-master\\entry\\build\\default\\intermediates\\stripped_native_libs\\default',
  '--json-path',
  'D:\\HuaweiProject\\OSSD-Lab2\\list-item-edit-master\\entry\\build\\default\\intermediates\\package\\default\\module.json',
  '--resources-path',
  'D:\\HuaweiProject\\OSSD-Lab2\\list-item-edit-master\\entry\\build\\default\\intermediates\\res\\default\\resources',
  '--index-path',
  'D:\\HuaweiProject\\OSSD-Lab2\\list-item-edit-master\\entry\\build\\default\\intermediates\\res\\default\\resources.index',
  '--pack-info-path',
  'D:\\HuaweiProject\\OSSD-Lab2\\list-item-edit-master\\entry\\build\\default\\outputs\\default\\pack.info',
  '--out-path',
  'D:\\HuaweiProject\\OSSD-Lab2\\list-item-edit-master\\entry\\build\\default\\outputs\\default\\entry-default-unsigned.hap',
  '--ets-path',
  'D:\\HuaweiProject\\OSSD-Lab2\\list-item-edit-master\\entry\\build\\default\\intermediates\\loader_out\\default\\ets'
]
[2026-05-20T00:27:50.787] [DEBUG] debug-file - java daemon socket received message:{"code":0,"message":"pack success"}
[2026-05-20T00:27:50.792] [DEBUG] debug-file - entry : default@PackageHap cost memory 0.6416549682617188
[2026-05-20T00:27:50.792] [DEBUG] debug-file - runTaskFromQueue task cost before running: 13 s 774 ms 
[2026-05-20T00:27:50.793] [INFO] debug-file - Finished :entry:default@PackageHap... after 381 ms 
[2026-05-20T00:27:50.795] [DEBUG] debug-file - Executing task :entry:default@PackingCheck
[2026-05-20T00:27:50.804] [DEBUG] debug-file - entry : default@PackingCheck cost memory 0.6500167846679688
[2026-05-20T00:27:50.804] [DEBUG] debug-file - runTaskFromQueue task cost before running: 13 s 786 ms 
[2026-05-20T00:27:50.804] [INFO] debug-file - Finished :entry:default@PackingCheck... after 10 ms 
[2026-05-20T00:27:50.806] [DEBUG] debug-file - Executing task :entry:default@SignHap
[2026-05-20T00:27:50.806] [WARN] debug-file - Will skip sign 'hos_hap'. No signingConfigs profile is configured in current project.
             If needed, configure the signingConfigs in D:\HuaweiProject\OSSD-Lab2\list-item-edit-master\build-profile.json5.
[2026-05-20T00:27:50.807] [DEBUG] debug-file - entry : default@SignHap cost memory 0.05596923828125
[2026-05-20T00:27:50.807] [DEBUG] debug-file - runTaskFromQueue task cost before running: 13 s 789 ms 
[2026-05-20T00:27:50.808] [INFO] debug-file - Finished :entry:default@SignHap... after 2 ms 
[2026-05-20T00:27:50.809] [DEBUG] debug-file - Executing task :entry:default@CollectDebugSymbol
[2026-05-20T00:27:50.810] [DEBUG] debug-file - entry : default@CollectDebugSymbol cost memory 0.0933685302734375
[2026-05-20T00:27:50.810] [DEBUG] debug-file - runTaskFromQueue task cost before running: 13 s 792 ms 
[2026-05-20T00:27:50.811] [INFO] debug-file - Finished :entry:default@CollectDebugSymbol... after 2 ms 
[2026-05-20T00:27:50.811] [DEBUG] debug-file - Executing task :entry:assembleHap
[2026-05-20T00:27:50.811] [DEBUG] debug-file - entry : assembleHap cost memory 0.07511138916015625
[2026-05-20T00:27:50.811] [DEBUG] debug-file - runTaskFromQueue task cost before running: 13 s 793 ms 
[2026-05-20T00:27:50.811] [INFO] debug-file - Finished :entry:assembleHap... after 1 ms 
[2026-05-20T00:27:50.824] [INFO] debug-file - BUILD SUCCESSFUL in 13 s 805 ms 
[2026-05-20T00:27:50.825] [DEBUG] debug-file - Update task entry:default@PreBuild input file:D:\HuaweiProject\OSSD-Lab2\list-item-edit-master\AppScope\app.json5 cache by regenerate.
[2026-05-20T00:27:50.826] [DEBUG] debug-file - Update task entry:default@PreBuild input file:D:\HuaweiProject\OSSD-Lab2\list-item-edit-master\entry\src\main\module.json5 cache by regenerate.
[2026-05-20T00:27:50.827] [DEBUG] debug-file - Update task entry:default@PreBuild input file:D:\HuaweiProject\OSSD-Lab2\list-item-edit-master\build-profile.json5 cache by regenerate.
[2026-05-20T00:27:50.827] [DEBUG] debug-file - Update task entry:default@PreBuild input file:D:\HuaweiProject\OSSD-Lab2\list-item-edit-master\entry\build-profile.json5 cache by regenerate.
[2026-05-20T00:27:50.827] [DEBUG] debug-file - Update task entry:default@PreBuild input file:D:\HuaweiProject\OSSD-Lab2\list-item-edit-master\entry\src\main\resources\base\profile\main_pages.json cache by regenerate.
[2026-05-20T00:27:50.827] [DEBUG] debug-file - Update task entry:default@PreBuild input file:D:\HuaweiProject\OSSD-Lab2\list-item-edit-master\hvigor\hvigor-config.json5 cache by regenerate.
[2026-05-20T00:27:50.828] [DEBUG] debug-file - Update task entry:default@PreBuild input file:D:\HuaweiProject\OSSD-Lab2\list-item-edit-master\entry\oh-package.json5 cache by regenerate.
[2026-05-20T00:27:50.828] [DEBUG] debug-file - Update task entry:default@PreBuild input file:D:\HuaweiProject\OSSD-Lab2\list-item-edit-master\oh-package.json5 cache by regenerate.
[2026-05-20T00:27:50.829] [DEBUG] debug-file - Incremental task entry:default@PreBuild post-execution cost:5 ms .
[2026-05-20T00:27:50.829] [DEBUG] debug-file - Update task entry:default@CreateModuleInfo output file:D:\HuaweiProject\OSSD-Lab2\list-item-edit-master\entry\build\default\generated\profile\default\ModuleInfo.ts cache.
[2026-05-20T00:27:50.829] [DEBUG] debug-file - Incremental task entry:default@CreateModuleInfo post-execution cost:1 ms .
[2026-05-20T00:27:50.829] [DEBUG] debug-file - Update task entry:default@GenerateMetadata input file:D:\HuaweiProject\OSSD-Lab2\list-item-edit-master\entry\src\main\module.json5 cache by regenerate.
[2026-05-20T00:27:50.830] [DEBUG] debug-file - Update task entry:default@GenerateMetadata output file:D:\HuaweiProject\OSSD-Lab2\list-item-edit-master\entry\build\default\intermediates\hap_metadata\default\output_metadata.json cache.
[2026-05-20T00:27:50.831] [DEBUG] debug-file - Incremental task entry:default@GenerateMetadata post-execution cost:2 ms .
[2026-05-20T00:27:50.831] [DEBUG] debug-file - Update task entry:default@MergeProfile input file:D:\HuaweiProject\OSSD-Lab2\list-item-edit-master\AppScope\app.json5 cache by regenerate.
[2026-05-20T00:27:50.831] [DEBUG] debug-file - Update task entry:default@MergeProfile input file:D:\HuaweiProject\OSSD-Lab2\list-item-edit-master\build-profile.json5 cache by regenerate.
[2026-05-20T00:27:50.831] [DEBUG] debug-file - Update task entry:default@MergeProfile input file:D:\HuaweiProject\OSSD-Lab2\list-item-edit-master\entry\src\main\module.json5 cache by regenerate.
[2026-05-20T00:27:50.832] [DEBUG] debug-file - Update task entry:default@MergeProfile output file:D:\HuaweiProject\OSSD-Lab2\list-item-edit-master\entry\build\default\intermediates\merge_profile\default\module.json cache.
[2026-05-20T00:27:50.832] [DEBUG] debug-file - Incremental task entry:default@MergeProfile post-execution cost:2 ms .
[2026-05-20T00:27:50.832] [DEBUG] debug-file - Update task entry:default@CreateBuildProfile input file:D:\HuaweiProject\OSSD-Lab2\list-item-edit-master\AppScope\app.json5 cache by regenerate.
[2026-05-20T00:27:50.833] [DEBUG] debug-file - Update task entry:default@CreateBuildProfile input file:D:\HuaweiProject\OSSD-Lab2\list-item-edit-master\build-profile.json5 cache by regenerate.
[2026-05-20T00:27:50.833] [DEBUG] debug-file - Update task entry:default@CreateBuildProfile output file:D:\HuaweiProject\OSSD-Lab2\list-item-edit-master\entry\build\default\generated\profile\default\BuildProfile.ets cache.
[2026-05-20T00:27:50.833] [DEBUG] debug-file - Incremental task entry:default@CreateBuildProfile post-execution cost:2 ms .
[2026-05-20T00:27:50.834] [DEBUG] debug-file - Update task entry:default@GeneratePkgContextInfo output file:D:\HuaweiProject\OSSD-Lab2\list-item-edit-master\entry\build\default\intermediates\loader\default\pkgContextInfo.json cache.
[2026-05-20T00:27:50.834] [DEBUG] debug-file - Incremental task entry:default@GeneratePkgContextInfo post-execution cost:1 ms .
[2026-05-20T00:27:50.834] [DEBUG] debug-file - Update task entry:default@ProcessIntegratedHsp output file:D:\HuaweiProject\OSSD-Lab2\list-item-edit-master\build\cache\default\integrated_hsp\integratedHspCache.json cache.
[2026-05-20T00:27:50.834] [DEBUG] debug-file - Incremental task entry:default@ProcessIntegratedHsp post-execution cost:1 ms .
[2026-05-20T00:27:50.834] [DEBUG] debug-file - Update task entry:default@MakePackInfo input file:D:\HuaweiProject\OSSD-Lab2\list-item-edit-master\AppScope\app.json5 cache by regenerate.
[2026-05-20T00:27:50.835] [DEBUG] debug-file - Update task entry:default@MakePackInfo input file:D:\HuaweiProject\OSSD-Lab2\list-item-edit-master\entry\src\main\module.json5 cache by regenerate.
[2026-05-20T00:27:50.835] [DEBUG] debug-file - Update task entry:default@MakePackInfo input file:D:\HuaweiProject\OSSD-Lab2\list-item-edit-master\build-profile.json5 cache by regenerate.
[2026-05-20T00:27:50.835] [DEBUG] debug-file - Update task entry:default@MakePackInfo output file:D:\HuaweiProject\OSSD-Lab2\list-item-edit-master\entry\build\default\outputs\default\pack.info cache.
[2026-05-20T00:27:50.836] [DEBUG] debug-file - Incremental task entry:default@MakePackInfo post-execution cost:2 ms .
[2026-05-20T00:27:50.836] [DEBUG] debug-file - Update task entry:default@SyscapTransform input file:D:\DevEco Studio\sdk\default\openharmony\toolchains\syscap_tool.exe cache by regenerate.
[2026-05-20T00:27:50.836] [DEBUG] debug-file - Update task entry:default@SyscapTransform input file:D:\DevEco Studio\sdk\default\openharmony\ets\api\device-define cache by regenerate.
[2026-05-20T00:27:50.838] [DEBUG] debug-file - Update task entry:default@SyscapTransform output file:D:\HuaweiProject\OSSD-Lab2\list-item-edit-master\entry\build\default\intermediates\syscap\default\rpcid.sc cache.
[2026-05-20T00:27:50.839] [DEBUG] debug-file - Incremental task entry:default@SyscapTransform post-execution cost:3 ms .
[2026-05-20T00:27:50.839] [DEBUG] debug-file - Update task entry:default@ProcessProfile input file:D:\HuaweiProject\OSSD-Lab2\list-item-edit-master\entry\build\default\intermediates\merge_profile\default\module.json cache by regenerate.
[2026-05-20T00:27:50.839] [DEBUG] debug-file - Update task entry:default@ProcessProfile output file:D:\HuaweiProject\OSSD-Lab2\list-item-edit-master\entry\build\default\intermediates\process_profile\default\module.json cache.
[2026-05-20T00:27:50.840] [DEBUG] debug-file - Incremental task entry:default@ProcessProfile post-execution cost:1 ms .
[2026-05-20T00:27:50.840] [DEBUG] debug-file - Update task entry:default@ProcessRouterMap input file:D:\HuaweiProject\OSSD-Lab2\list-item-edit-master\entry\oh-package.json5 cache by regenerate.
[2026-05-20T00:27:50.840] [DEBUG] debug-file - Update task entry:default@ProcessRouterMap input file:D:\HuaweiProject\OSSD-Lab2\list-item-edit-master\oh-package.json5 cache by regenerate.
[2026-05-20T00:27:50.841] [DEBUG] debug-file - Update task entry:default@ProcessRouterMap input file:D:\HuaweiProject\OSSD-Lab2\list-item-edit-master\entry\src\main\module.json5 cache by regenerate.
[2026-05-20T00:27:50.841] [DEBUG] debug-file - Update task entry:default@ProcessRouterMap output file:D:\HuaweiProject\OSSD-Lab2\list-item-edit-master\entry\build\default\intermediates\router_map\default\temp-router-map.json cache.
[2026-05-20T00:27:50.841] [DEBUG] debug-file - Update task entry:default@ProcessRouterMap output file:D:\HuaweiProject\OSSD-Lab2\list-item-edit-master\entry\build\default\intermediates\router_map\default\loader-router-map.json cache.
[2026-05-20T00:27:50.842] [DEBUG] debug-file - Incremental task entry:default@ProcessRouterMap post-execution cost:3 ms .
[2026-05-20T00:27:50.842] [DEBUG] debug-file - Update task entry:default@ProcessShareConfig input file:D:\HuaweiProject\OSSD-Lab2\list-item-edit-master\entry\oh-package.json5 cache by regenerate.
[2026-05-20T00:27:50.842] [DEBUG] debug-file - Update task entry:default@ProcessShareConfig input file:D:\HuaweiProject\OSSD-Lab2\list-item-edit-master\oh-package.json5 cache by regenerate.
[2026-05-20T00:27:50.843] [DEBUG] debug-file - Update task entry:default@ProcessShareConfig input file:D:\HuaweiProject\OSSD-Lab2\list-item-edit-master\entry\src\main\module.json5 cache by regenerate.
[2026-05-20T00:27:50.843] [DEBUG] debug-file - Update task entry:default@ProcessShareConfig output file:D:\HuaweiProject\OSSD-Lab2\list-item-edit-master\entry\build\default\intermediates\share_config\default\temp-share-config.json cache.
[2026-05-20T00:27:50.843] [DEBUG] debug-file - Incremental task entry:default@ProcessShareConfig post-execution cost:2 ms .
[2026-05-20T00:27:50.843] [DEBUG] debug-file - Update task entry:default@ProcessStartupConfig output file:D:\HuaweiProject\OSSD-Lab2\list-item-edit-master\entry\build\default\intermediates\startup\default\startup_config.json cache.
[2026-05-20T00:27:50.844] [DEBUG] debug-file - Incremental task entry:default@ProcessStartupConfig post-execution cost:1 ms .
[2026-05-20T00:27:50.844] [DEBUG] debug-file - Update task entry:default@ProcessResource output file:D:\HuaweiProject\OSSD-Lab2\list-item-edit-master\entry\build\default\intermediates\res\default\resConfig.json cache.
[2026-05-20T00:27:50.844] [DEBUG] debug-file - Update task entry:default@ProcessResource output file:D:\HuaweiProject\OSSD-Lab2\list-item-edit-master\entry\build\default\intermediates\res\default\opt-compression.json cache.
[2026-05-20T00:27:50.844] [DEBUG] debug-file - Incremental task entry:default@ProcessResource post-execution cost:1 ms .
[2026-05-20T00:27:50.845] [DEBUG] debug-file - Update task entry:default@GenerateLoaderJson input file:D:\HuaweiProject\OSSD-Lab2\list-item-edit-master\entry\build\default\intermediates\router_map\default\temp-router-map.json cache by regenerate.
[2026-05-20T00:27:50.845] [DEBUG] debug-file - Update task entry:default@GenerateLoaderJson output file:D:\HuaweiProject\OSSD-Lab2\list-item-edit-master\entry\build\default\intermediates\loader\default\loader.json cache.
[2026-05-20T00:27:50.846] [DEBUG] debug-file - Incremental task entry:default@GenerateLoaderJson post-execution cost:2 ms .
[2026-05-20T00:27:50.846] [DEBUG] debug-file - Update task entry:default@ProcessLibs input file:D:\HuaweiProject\OSSD-Lab2\list-item-edit-master\build-profile.json5 cache by regenerate.
[2026-05-20T00:27:50.846] [DEBUG] debug-file - Update task entry:default@ProcessLibs input file:D:\HuaweiProject\OSSD-Lab2\list-item-edit-master\entry\build-profile.json5 cache by regenerate.
[2026-05-20T00:27:50.847] [DEBUG] debug-file - Update task entry:default@ProcessLibs output file:D:\HuaweiProject\OSSD-Lab2\list-item-edit-master\entry\build\default\intermediates\libs\default cache.
[2026-05-20T00:27:50.847] [DEBUG] debug-file - Incremental task entry:default@ProcessLibs post-execution cost:2 ms .
[2026-05-20T00:27:50.848] [DEBUG] debug-file - Update task entry:default@CompileResource input file:D:\HuaweiProject\OSSD-Lab2\list-item-edit-master\entry\src\main\resources cache by regenerate.
[2026-05-20T00:27:50.855] [DEBUG] debug-file - Update task entry:default@CompileResource input file:D:\HuaweiProject\OSSD-Lab2\list-item-edit-master\AppScope\resources cache by regenerate.
[2026-05-20T00:27:50.857] [DEBUG] debug-file - Update task entry:default@CompileResource input file:D:\HuaweiProject\OSSD-Lab2\list-item-edit-master\entry\build\default\intermediates\process_profile\default\module.json cache by regenerate.
[2026-05-20T00:27:50.857] [DEBUG] debug-file - Update task entry:default@CompileResource input file:D:\HuaweiProject\OSSD-Lab2\list-item-edit-master\entry\build\default\intermediates\res\default\resConfig.json cache by regenerate.
[2026-05-20T00:27:50.858] [DEBUG] debug-file - Update task entry:default@CompileResource output file:D:\HuaweiProject\OSSD-Lab2\list-item-edit-master\entry\build\default\intermediates\res\default cache.
[2026-05-20T00:27:50.865] [DEBUG] debug-file - Update task entry:default@CompileResource output file:D:\HuaweiProject\OSSD-Lab2\list-item-edit-master\entry\build\default\generated\r\default\ResourceTable.h cache.
[2026-05-20T00:27:50.866] [DEBUG] debug-file - Update task entry:default@CompileResource output file:D:\HuaweiProject\OSSD-Lab2\list-item-edit-master\entry\build\default\generated\r\default cache.
[2026-05-20T00:27:50.866] [DEBUG] debug-file - Incremental task entry:default@CompileResource post-execution cost:20 ms .
[2026-05-20T00:27:50.867] [DEBUG] debug-file - Update task entry:default@DoNativeStrip input file:D:\HuaweiProject\OSSD-Lab2\list-item-edit-master\entry\build\default\intermediates\libs\default cache by regenerate.
[2026-05-20T00:27:50.867] [DEBUG] debug-file - Update task entry:default@DoNativeStrip output file:D:\HuaweiProject\OSSD-Lab2\list-item-edit-master\entry\build\default\intermediates\stripped_native_libs\default cache.
[2026-05-20T00:27:50.868] [DEBUG] debug-file - Incremental task entry:default@DoNativeStrip post-execution cost:1 ms .
[2026-05-20T00:27:50.869] [DEBUG] debug-file - Update task entry:default@CompileArkTS input file:D:\HuaweiProject\OSSD-Lab2\list-item-edit-master\entry\build\default\intermediates\loader\default cache by regenerate.
[2026-05-20T00:27:50.870] [DEBUG] debug-file - Update task entry:default@CompileArkTS input file:D:\HuaweiProject\OSSD-Lab2\list-item-edit-master\entry\build\default\intermediates\res\default\ResourceTable.txt cache by regenerate.
[2026-05-20T00:27:50.870] [DEBUG] debug-file - Update task entry:default@CompileArkTS input file:D:\HuaweiProject\OSSD-Lab2\list-item-edit-master\entry\build\default\intermediates\res\default\ark_module.json cache by regenerate.
[2026-05-20T00:27:50.870] [DEBUG] debug-file - Update task entry:default@CompileArkTS input file:D:\HuaweiProject\OSSD-Lab2\list-item-edit-master\entry\build\default\intermediates\res\default\resources\base\profile cache by regenerate.
[2026-05-20T00:27:50.871] [DEBUG] debug-file - Update task entry:default@CompileArkTS input file:D:\HuaweiProject\OSSD-Lab2\list-item-edit-master\entry\src\main\ets cache by regenerate.
[2026-05-20T00:27:50.874] [DEBUG] debug-file - Update task entry:default@CompileArkTS input file:D:\HuaweiProject\OSSD-Lab2\list-item-edit-master\entry\build\default\generated\profile\default\BuildProfile.ets cache by regenerate.
[2026-05-20T00:27:50.874] [DEBUG] debug-file - Update task entry:default@CompileArkTS output file:D:\HuaweiProject\OSSD-Lab2\list-item-edit-master\entry\build\default\intermediates\loader_out\default\ets cache.
[2026-05-20T00:27:50.875] [DEBUG] debug-file - Incremental task entry:default@CompileArkTS post-execution cost:8 ms .
[2026-05-20T00:27:50.876] [DEBUG] debug-file - Update task entry:default@BuildJS input file:D:\HuaweiProject\OSSD-Lab2\list-item-edit-master\entry\build\default\intermediates\loader\default cache by regenerate.
[2026-05-20T00:27:50.876] [DEBUG] debug-file - Update task entry:default@BuildJS input file:D:\HuaweiProject\OSSD-Lab2\list-item-edit-master\entry\build\default\intermediates\res\default\ResourceTable.txt cache by regenerate.
[2026-05-20T00:27:50.877] [DEBUG] debug-file - Update task entry:default@BuildJS input file:D:\HuaweiProject\OSSD-Lab2\list-item-edit-master\entry\build\default\intermediates\res\default\ark_module.json cache by regenerate.
[2026-05-20T00:27:50.877] [DEBUG] debug-file - Update task entry:default@BuildJS input file:D:\HuaweiProject\OSSD-Lab2\list-item-edit-master\entry\build\default\intermediates\res\default\resources\base\profile cache by regenerate.
[2026-05-20T00:27:50.878] [DEBUG] debug-file - Update task entry:default@BuildJS output file:D:\HuaweiProject\OSSD-Lab2\list-item-edit-master\entry\build\default\intermediates\loader_out\default\js cache.
[2026-05-20T00:27:50.878] [DEBUG] debug-file - Incremental task entry:default@BuildJS post-execution cost:4 ms .
[2026-05-20T00:27:50.878] [DEBUG] debug-file - Update task entry:default@CacheNativeLibs input file:D:\HuaweiProject\OSSD-Lab2\list-item-edit-master\entry\build\default\intermediates\stripped_native_libs\default cache by regenerate.
[2026-05-20T00:27:50.878] [DEBUG] debug-file - Update task entry:default@CacheNativeLibs input file:D:\HuaweiProject\OSSD-Lab2\list-item-edit-master\entry\build\default\intermediates\libs\default cache by regenerate.
[2026-05-20T00:27:50.879] [DEBUG] debug-file - Update task entry:default@CacheNativeLibs output file:D:\HuaweiProject\OSSD-Lab2\list-item-edit-master\entry\build\default\intermediates\patch\default\base_native_libs.json cache.
[2026-05-20T00:27:50.879] [DEBUG] debug-file - Incremental task entry:default@CacheNativeLibs post-execution cost:2 ms .
[2026-05-20T00:27:50.879] [DEBUG] debug-file - Update task entry:default@GeneratePkgModuleJson input file:D:\HuaweiProject\OSSD-Lab2\list-item-edit-master\entry\build\default\intermediates\res\default\module.json cache by regenerate.
[2026-05-20T00:27:50.880] [DEBUG] debug-file - Update task entry:default@GeneratePkgModuleJson output file:D:\HuaweiProject\OSSD-Lab2\list-item-edit-master\entry\build\default\intermediates\package\default\module.json cache.
[2026-05-20T00:27:50.880] [DEBUG] debug-file - Incremental task entry:default@GeneratePkgModuleJson post-execution cost:1 ms .
[2026-05-20T00:27:50.880] [DEBUG] debug-file - Incremental task entry:default@ProcessCompiledResources post-execution cost:1 ms .
[2026-05-20T00:27:50.880] [DEBUG] debug-file - Update task entry:default@PackageHap input file:D:\HuaweiProject\OSSD-Lab2\list-item-edit-master\entry\build\default\intermediates\stripped_native_libs\default cache by regenerate.
[2026-05-20T00:27:50.881] [DEBUG] debug-file - Update task entry:default@PackageHap input file:D:\HuaweiProject\OSSD-Lab2\list-item-edit-master\entry\build\default\intermediates\res\default\module.json cache by regenerate.
[2026-05-20T00:27:50.881] [DEBUG] debug-file - Update task entry:default@PackageHap input file:D:\HuaweiProject\OSSD-Lab2\list-item-edit-master\entry\build\default\intermediates\res\default\resources cache by regenerate.
[2026-05-20T00:27:50.885] [DEBUG] debug-file - Update task entry:default@PackageHap input file:D:\HuaweiProject\OSSD-Lab2\list-item-edit-master\entry\build\default\intermediates\res\default\resources.index cache by regenerate.
[2026-05-20T00:27:50.885] [DEBUG] debug-file - Update task entry:default@PackageHap input file:D:\HuaweiProject\OSSD-Lab2\list-item-edit-master\entry\build\default\outputs\default\pack.info cache by regenerate.
[2026-05-20T00:27:50.886] [DEBUG] debug-file - Update task entry:default@PackageHap input file:D:\HuaweiProject\OSSD-Lab2\list-item-edit-master\entry\build\default\intermediates\loader_out\default\ets cache by regenerate.
[2026-05-20T00:27:50.886] [DEBUG] debug-file - Update task entry:default@PackageHap input file:D:\HuaweiProject\OSSD-Lab2\list-item-edit-master\entry\build\default\intermediates\loader_out\default\ets\sourceMaps.map cache by regenerate.
[2026-05-20T00:27:50.887] [DEBUG] debug-file - Update task entry:default@PackageHap input file:D:\HuaweiProject\OSSD-Lab2\list-item-edit-master\entry\build\default\generated\profile\default\BuildProfile.ets cache by regenerate.
[2026-05-20T00:27:50.887] [DEBUG] debug-file - Update task entry:default@PackageHap output file:D:\HuaweiProject\OSSD-Lab2\list-item-edit-master\entry\build\default\outputs\default\entry-default-unsigned.hap cache.
[2026-05-20T00:27:50.887] [DEBUG] debug-file - Update task entry:default@PackageHap output file:D:\HuaweiProject\OSSD-Lab2\list-item-edit-master\entry\build\default\intermediates\source_map\default\sourceMaps.map cache.
[2026-05-20T00:27:50.888] [DEBUG] debug-file - Update task entry:default@PackageHap output file:D:\HuaweiProject\OSSD-Lab2\list-item-edit-master\entry\build\default\outputs\default\mapping\sourceMaps.map cache.
[2026-05-20T00:27:50.888] [DEBUG] debug-file - Incremental task entry:default@PackageHap post-execution cost:9 ms .
[2026-05-20T00:27:50.888] [DEBUG] debug-file - Update task entry:default@SignHap input file:D:\HuaweiProject\OSSD-Lab2\list-item-edit-master\entry\build\default\outputs\default\entry-default-unsigned.hap cache by regenerate.
[2026-05-20T00:27:50.889] [DEBUG] debug-file - Update task entry:default@SignHap output file:D:\HuaweiProject\OSSD-Lab2\list-item-edit-master\entry\build\default\outputs\default\entry-default-signed.hap cache.
[2026-05-20T00:27:50.889] [DEBUG] debug-file - Incremental task entry:default@SignHap post-execution cost:1 ms .
[2026-05-20T00:27:50.889] [DEBUG] debug-file - Update task entry:default@CollectDebugSymbol input file:D:\HuaweiProject\OSSD-Lab2\list-item-edit-master\entry\build\default\intermediates\loader_out\default\ets\sourceMaps.map cache by regenerate.
[2026-05-20T00:27:50.890] [DEBUG] debug-file - Update task entry:default@CollectDebugSymbol input file:D:\HuaweiProject\OSSD-Lab2\list-item-edit-master\entry\build\default\intermediates\libs\default cache by regenerate.
[2026-05-20T00:27:50.890] [DEBUG] debug-file - Update task entry:default@CollectDebugSymbol output file:D:\HuaweiProject\OSSD-Lab2\list-item-edit-master\entry\build\default\outputs\default\symbol cache.
[2026-05-20T00:27:50.891] [DEBUG] debug-file - Incremental task entry:default@CollectDebugSymbol post-execution cost:2 ms .
[2026-05-20T00:27:50.916] [DEBUG] debug-file - Cleanup worker 0.
[2026-05-20T00:27:50.916] [DEBUG] debug-file - Worker 0 has been cleaned up.
[2026-05-20T00:27:50.917] [DEBUG] debug-file - Current idle worker size: 4.
[2026-05-20T00:27:50.917] [DEBUG] debug-file - Current resident worker size: 5.
[2026-05-20T00:27:50.917] [DEBUG] debug-file - Cleanup worker 1.
[2026-05-20T00:27:50.917] [DEBUG] debug-file - Worker 1 has been cleaned up.
[2026-05-20T00:27:50.917] [DEBUG] debug-file - Current idle worker size: 3.
[2026-05-20T00:27:50.917] [DEBUG] debug-file - Current resident worker size: 5.
[2026-05-20T00:27:50.917] [DEBUG] debug-file - Cleanup worker 30.
[2026-05-20T00:27:50.917] [DEBUG] debug-file - Worker 30 has been cleaned up.
[2026-05-20T00:27:50.917] [DEBUG] debug-file - Current idle worker size: 2.
[2026-05-20T00:27:50.917] [DEBUG] debug-file - Current resident worker size: 5.
[2026-05-20T00:27:50.917] [DEBUG] debug-file - Cleanup worker 29.
[2026-05-20T00:27:50.917] [DEBUG] debug-file - Worker 29 has been cleaned up.
[2026-05-20T00:27:50.917] [DEBUG] debug-file - Current idle worker size: 1.
[2026-05-20T00:27:50.917] [DEBUG] debug-file - Current resident worker size: 5.
[2026-05-20T00:27:50.918] [DEBUG] debug-file - hvigor build process will be closed.
[2026-05-20T00:27:50.919] [DEBUG] debug-file - java daemon socket close code:1000 reason:close by user
[2026-05-20T00:27:50.921] [DEBUG] debug-file - session manager: send message to worker process.
[2026-05-20T00:27:50.921] [DEBUG] debug-file - session manager: send message to worker process.
[2026-05-20T00:27:50.920] [DEBUG] debug-file - worker[0] exits with exit code 1.
[2026-05-20T00:27:50.921] [DEBUG] debug-file - watch worker: worker id should be larger than 0. Nothing will be sent to any worker thread.
[2026-05-20T00:27:50.922] [DEBUG] debug-file - watch worker: worker id should be larger than 0. Nothing will be sent to any worker thread.
[2026-05-20T00:27:50.925] [DEBUG] debug-file - worker[1] exits with exit code 1.
[2026-05-20T00:27:50.932] [DEBUG] debug-file - worker[30] exits with exit code 1.
[2026-05-20T00:27:50.933] [DEBUG] debug-file - worker[29] exits with exit code 1.
[2026-05-20T00:28:30.995] [DEBUG] debug-file - session manager: set active socket. socketId=PNgeSdwK7NpsTX75AAAD
[2026-05-20T00:28:31.004] [DEBUG] debug-file - watch worker: worker id should be larger than 0. Nothing will be sent to any worker thread.
[2026-05-20T00:28:31.009] [DEBUG] debug-file - Workers' log level updated to INFO
[2026-05-20T00:28:31.012] [DEBUG] debug-file - Hvigor init with startParameters:{
  hvigorfileTypeCheck: false,
  parallelExecution: true,
  incrementalExecution: true,
  printStackTrace: false,
  daemon: true,
  analyze: 0,
  logLevel: Level { level: 20000, levelStr: 'INFO', colour: 'green' },
  optimizationStrategy: 'memory',
  hotCompile: undefined,
  hotReloadBuild: undefined,
  customizedParam: undefined
}
